https://t.me/wukong66
https://t.me/gtlm2
https://t.me/gtlm3
134
125
144
https://t.me/wukong55
156
https://t.me/gtlm0
171
https://t.me/wukong6666
150
https://t.me/gtlm1
180
https://t.me/pyqfy
https://t.me/wukongkaiche
143
142
https://t.me/wukong22
166
https://t.me/wukong6969
131
https://t.me/boxin01
131
https://t.me/tgershou
161
https://t.me/gtlm4
132
https://t.me/ershouqun
153
https://t.me/ershoushichang
120
https://t.me/vadaye
131
https://t.me/shuiguopai
152
https://t.me/shayuan
167
https://t.me/shuiguo997
175
https://t.me/fei134
146
https://t.me/shuiguoshucai
130
https://t.me/meishi51
178
https://t.me/shuiguo8
136
https://t.me/xiangyanshucai
150
https://t.me/ph_chaoshi
145
https://t.me/fei137
180
https://t.me/fei138
127
https://t.me/yxxg0001
145
https://t.me/sgmt9999
147
https://t.me/fpie1
155
https://t.me/shuiguo66
168
https://t.me/shuiguo008
163
https://t.me/guoranshuiguo
176
https://t.me/fpie2
172
https://t.me/tg662
156
https://t.me/coserporn018
153
https://t.me/wwrt880066
133
https://t.me/bjugirls
141
https://t.me/rejav31
128
https://t.me/wwrt6868
121
https://t.me/tianjinmeinv
179
https://t.me/youera
132
https://t.me/xibeigonkai
120
https://t.me/dong123qq
164
https://t.me/lululu520
179
https://t.me/alipay9
170
https://t.me/bbzx008100
158
https://t.me/gzxiao
145
https://t.me/gslzsj
153
https://t.me/umivd
180
https://t.me/qinhhai
161
https://t.me/bk7896
140
https://t.me/lmwxx
178
https://t.me/lanzhoulsj
137
https://t.me/lanzhoutongcheng
128
https://t.me/sigedexiaoqun
146
https://t.me/cvvmarket1
145
https://t.me/movo003
125
https://t.me/lipinkajiaoyi
https://t.me/amazon_cvv
127
153
https://t.me/paxfulgiftcards
140
https://t.me/lixiaolongzz
167
https://t.me/dl887
146
https://t.me/freesharesvip
132
https://t.me/movodb
121
https://t.me/tpdb789
121
https://t.me/xncard
151
https://t.me/clock001
142
https://t.me/azu4444666
180
https://t.me/amazonjlq
148
https://t.me/movo666
158
https://t.me/aipaypay
120
https://t.me/paxful888
172
https://t.me/usblackgroup
https://t.me/giftcardtrade
134
160
https://t.me/jierby
174
https://t.me/madou4
169
https://t.me/porn3p
123
https://t.me/madoucpacps
131
https://t.me/wbs475
121
https://t.me/mdapptv
137
https://t.me/mdcmyh
153
https://t.me/tg11688
122
https://t.me/madou91
178
https://t.me/umivd
173
https://t.me/swagliver
142
https://t.me/mmddom
152
https://t.me/yjx1234
150
https://t.me/ppp91
176
https://t.me/madoubot
131
https://t.me/gtkankan1
155
https://t.me/anchorporn
133
https://t.me/madou999
170
https://t.me/xxootv
161
https://t.me/swaglive
175
https://t.me/shenma002
174
https://t.me/vps_xhq
158
https://t.me/hy881
169
https://t.me/yxy111
123
https://t.me/weixinyewu0
163
https://t.me/shenma_xq
151
https://t.me/weixin877
143
https://t.me/shenma_w
140
https://t.me/weixin556677
126
https://t.me/lianmenghui
124
https://t.me/dvesbe
154
https://t.me/dcka888
157
https://t.me/lx891
151
https://t.me/gggg3288
139
https://t.me/siren6666
180
https://t.me/kkkva000
137
https://t.me/shenma22
128
https://t.me/ypgj88888
157
https://t.me/huahuaweixin
178
https://t.me/wakuangx1
154
https://t.me/dfjt999
120
https://t.me/yuepao6
148
https://t.me/eb1gc
140
https://t.me/dongti057bb
140
https://t.me/shuju9999
136
https://t.me/qsddos2
120
https://t.me/jx1699999999
125
https://t.me/newpin1channel
170
https://t.me/gongzuos11
132
https://t.me/zhengzhou1fendui
140
https://t.me/shoubiao888
139
https://t.me/jiuhaogongguan520
136
https://t.me/kk819
161
https://t.me/xuming
141
https://t.me/zhangheng5452
174
https://t.me/meiliao21
139
https://t.me/juyuankeji
144
https://t.me/shenma_xg
162
https://t.me/yaboxxx1
147
https://t.me/tgi28
153
https://t.me/phhot
142
https://t.me/haoyybots
170
https://t.me/aw295
135
https://t.me/ifoots
167
https://t.me/tg8585
161
https://t.me/fd521
139
https://t.me/yb_777
126
https://t.me/koreanbj123
121
https://t.me/tgdl128
165
https://t.me/flbgc
127
https://t.me/tgaw2
180
https://t.me/zfawb
146
https://t.me/tgj01
135
https://t.me/jiu_777
147
https://t.me/bl001
141
https://t.me/tgi68
147
https://t.me/jianhuang66
167
https://t.me/tg128
175
https://t.me/thebest1789
165
https://t.me/japan_no1
173
https://t.me/scp_079_chat
172
https://t.me/djsnjxhgv
128
https://t.me/guochan999
121
https://t.me/aw12332
180
https://t.me/kindlemate
153
https://t.me/zh_cn88
140
https://t.me/boss_chat_bot
150
https://t.me/chellslist
125
https://t.me/yybb789
166
https://t.me/loveyounggirl
136
https://t.me/fm114
143
https://t.me/se66666666666666
175
https://t.me/stockhubby
180
https://t.me/cxjy88
134
https://t.me/ssrcntg
146
https://t.me/kpcvv
151
https://t.me/shuzidb
161
https://t.me/creditpd
150
https://t.me/shaonvge_affcm_bot
120
https://t.me/sssuyang00
160
https://t.me/fulikanp
https://t.me/se_sexy
143
173
https://t.me/zh_wuyueav
147
https://t.me/tankbbwq
166
https://t.me/accsexy
126
https://t.me/yinrenqimu
174
https://t.me/sexmpg
137
https://t.me/isiyu_me
168
https://t.me/qinjiankon
180
https://t.me/dandansp
171
https://t.me/luoli1996
157
https://t.me/manhiaihhbot
133
https://t.me/tinajot
175
https://t.me/rejav31
163
https://t.me/iiitvv
144
https://t.me/oumeisex
174
https://t.me/club520
126
https://t.me/porn9191
170
https://t.me/caoguol
144
https://t.me/caomei7
180
https://t.me/jm09614572488
166
https://t.me/falaovx
138
https://t.me/caimei7
164
https://t.me/meiling01
https://t.me/alabangxiuche1
150
144
https://t.me/alabang7
130
https://t.me/alabangsexmedicines
132
https://t.me/teaberry520520
140
https://t.me/als10086
148
https://t.me/manilasexmedicines01
149
https://t.me/kanpianpindao
170
https://t.me/yc888888yc
123
https://t.me/ershouqun
179
https://t.me/ershoushichang
125
https://t.me/alabangwaimai
157
https://t.me/alsyxh
131
https://t.me/yhong420
179
https://t.me/wenyi7
155
https://t.me/aicco
131
https://t.me/csjhqkong
179
https://t.me/fgr88888
164
https://t.me/yimasmsbot
177
https://t.me/wallpaper6666
139
https://t.me/shoujileyuan
173
https://t.me/heikeji11
135
https://t.me/shouji2
166
https://t.me/xjiejie9988
158
https://t.me/yabotgdailibot
175
https://t.me/data9527
134
https://t.me/xiaojiejie8888
124
https://t.me/shoujidiana
154
https://t.me/phapple123
131
https://t.me/mzipai
155
https://t.me/wallpaper1212
172
https://t.me/appleershou
145
https://t.me/goworkbitch
154
https://t.me/kh2188
152
https://t.me/tvbox001
141
https://t.me/kfjl22
149
https://t.me/leisbc66
124
https://t.me/agijjhb
161
https://t.me/linkjen
144
https://t.me/vadaye
125
https://t.me/shuiguopai
144
https://t.me/shayuan
135
https://t.me/shuiguo997
168
https://t.me/fei134
155
https://t.me/shuiguoshucai
169
https://t.me/meishi51
153
https://t.me/shuiguo8
176
https://t.me/xiangyanshucai
165
https://t.me/ph_chaoshi
147
https://t.me/fei137
174
https://t.me/fei138
139
https://t.me/yxxg0001
167
https://t.me/sgmt9999
161
https://t.me/fpie1
134
https://t.me/shuiguo66
177
https://t.me/shuiguo008
124
https://t.me/guoranshuiguo
127
https://t.me/fpie2
144
https://t.me/tg662
158
https://t.me/abclee
141
https://t.me/zuixinfuli
139
https://t.me/beautygirls9527
168
https://t.me/zaydenhub
154
https://t.me/sevenclub777
169
https://t.me/jiao_chuan
124
https://t.me/tracy010323_01
146
https://t.me/lovexue1314520
149
https://t.me/xxbbaa
132
https://t.me/hek_01
179
https://t.me/wanghongam
165
https://t.me/phxiao10
175
https://t.me/shareresources
179
https://t.me/xxoocv
129
https://t.me/swag_tw
132
https://t.me/laosepiwh
163
https://t.me/lsgong
178
https://t.me/duan666
146
https://t.me/porn91x
137
https://t.me/anchorporn
https://t.me/funnyertube
145
163
https://t.me/justaonlybot
170
https://t.me/xtelegramx_cn
151
https://t.me/sex_books
154
https://t.me/av006
173
https://t.me/hanhua1
173
https://t.me/navalr_cn
135
https://t.me/tgg199
133
https://t.me/sousuo123a
174
https://t.me/fanyi_group
163
https://t.me/langcn
132
https://t.me/helpfree0
168
https://t.me/wuhan_epidemic
173
https://t.me/pyqfy
148
https://t.me/fanyi_bot
121
https://t.me/zhongwenbao
122
https://t.me/xue302
129
https://t.me/zh_cn
149
https://t.me/dsli9
159
https://t.me/tt266
152
https://t.me/qdy9988
159
https://t.me/fdjfhdjjh
124
https://t.me/shenma88888
127
https://t.me/zydf99999
156
https://t.me/bcq2021
135
https://t.me/abl3691
142
https://t.me/hty1688
173
https://t.me/hty1688
126
https://t.me/hty1688
145
https://t.me/hty1688
143
https://t.me/yh9944
178
https://t.me/daishouhuiu
178
https://t.me/vv666yy777
179
https://t.me/abolo369
176
https://t.me/dk7878
174
https://t.me/ka16888
154
https://t.me/kn1128
163
https://t.me/sjt678910
139
https://t.me/hc9998
145
https://t.me/openporn
167
https://t.me/xiaowang6688
130
https://t.me/bobfazhanbu
145
https://t.me/hc66688
141
https://t.me/a880992
132
https://t.me/fa88866
180
https://t.me/obhh3
https://t.me/fkmoney
158
152
https://t.me/tokenglobal
151
https://t.me/qh666
163
https://t.me/mfinancialfreedom
173
https://t.me/waihuiba
156
https://t.me/waihui123
164
https://t.me/istock_china
124
https://t.me/hk_finance
154
https://t.me/bailpingtai
131
https://t.me/forexgoldbtc
170
https://t.me/cnyusd
173
https://t.me/liaoguiming
137
https://t.me/waihuijiaoliu
138
https://t.me/forex888888
122
https://t.me/mt4_ht08
150
https://t.me/dd836809
123
https://t.me/tt123456kl
180
https://t.me/jinronggupiao
136
https://t.me/weijiaoyi123
134
https://t.me/hppkko
150
https://t.me/boxunnew
144
https://t.me/aw088
173
https://t.me/tgj01
https://t.me/hppott
166
167
https://t.me/rphms
170
https://t.me/phhot
155
https://t.me/aw295
177
https://t.me/tgdl128
120
https://t.me/pphott
122
https://t.me/fw005
142
https://t.me/thebest1789
158
https://t.me/fw010
164
https://t.me/tgaw2
176
https://t.me/jrtt2
133
https://t.me/zfawb
180
https://t.me/zfaaw
139
https://t.me/tg128
154
https://t.me/ph_bp
166
https://t.me/yg198
172
https://t.me/ob321
123
https://t.me/a8yhk
170
https://t.me/boox888
149
https://t.me/hx38888
141
https://t.me/aliyun2020
120
https://t.me/yyk188
173
https://t.me/wh1688
160
https://t.me/lyzhifuzhifu
129
https://t.me/hxhbq
135
https://t.me/shuashui
136
https://t.me/feidu66
150
https://t.me/feidu33
141
https://t.me/linyunbook2
167
https://t.me/jinrigg
143
https://t.me/xuqiu01
148
https://t.me/xianyu02
123
https://t.me/tg_66666
130
https://t.me/theworldshuniangay
141
https://t.me/xuehua66600
154
https://t.me/yuy1cn
131
https://t.me/wenanba
146
https://t.me/wenan9
135
https://t.me/bizhi1
170
https://t.me/meituapp
138
https://t.me/tgcttx
120
https://t.me/bztxchannel
151
https://t.me/linyunbook4
127
https://t.me/rxxoo
172
https://t.me/wsceping
140
https://t.me/xiuche4
139
https://t.me/mntpw
178
https://t.me/yutu2019
138
https://t.me/beautyggg
150
https://t.me/gaoqingtaotu
165
https://t.me/muyingyii
130
https://t.me/xxoocv
155
https://t.me/wuhanmugou
122
https://t.me/kaisa12
122
https://t.me/ffmphilippines
131
https://t.me/mvzptp
128
https://t.me/moligirl
175
https://t.me/loliiml
178
https://t.me/afreecahw
126
https://t.me/larryluo
152
https://t.me/bgpchannel
146
https://t.me/ttmeitujingxuan
171
https://t.me/douyingirls
159
https://t.me/beautygirls9527
163
https://t.me/cgsfw
156
https://t.me/acgimage
131
https://t.me/tgcttx
176
https://t.me/bztxchannel
159
https://t.me/meinvfan
173
https://t.me/linyunbook2
142
https://t.me/union_group
155
https://t.me/biaoqinbao
120
https://t.me/wallpaper1212
149
https://t.me/anime_pc
142
https://t.me/wallpaper6666
149
https://t.me/diffpaper
129
https://t.me/wallpaper_afuture
132
https://t.me/bizhi_union
129
https://t.me/wenan9
124
https://t.me/jingxu6
142
https://t.me/wallpaper520
136
https://t.me/yidu520
150
https://t.me/bingdaily
172
https://t.me/clashr_for_windows_channel
174
https://t.me/mcesub_u3
123
https://t.me/xtelegramx_cn
150
https://t.me/vipn88888888
147
https://t.me/cn_telegram
148
https://t.me/teleisthebest
127
https://t.me/baidu2333
172
https://t.me/xfwl002
122
https://t.me/h0telegram
126
https://t.me/tg_zw
146
https://t.me/zhongwen8
151
https://t.me/zhongwenbao
139
https://t.me/zh_cn_simplified
179
https://t.me/hanhuajhsbot
144
https://t.me/sos888888
134
https://t.me/vr8888
145
https://t.me/tgchinese
152
https://t.me/fun_exe
167
https://t.me/hanhudjehbot
173
https://t.me/xywhhz
133
https://t.me/gmdxf
167
https://t.me/szx2024
180
https://t.me/ptjobb
161
https://t.me/bjsidj
140
https://t.me/xt003
134
https://t.me/jianzhi123
149
https://t.me/du67890
161
https://t.me/nxjdfk
136
https://t.me/jmsj1
178
https://t.me/szpapa
153
https://t.me/tgjianzhi
123
https://t.me/nanaplen
171
https://t.me/beijingloufengziyuan
153
https://t.me/szlfzj
134
https://t.me/extrawork
139
https://t.me/miyijz
174
https://t.me/shangmenfuwu
169
https://t.me/muyingyii
137
https://t.me/shaoye123
178
https://t.me/yeliang
151
https://t.me/ld_no
177
https://t.me/wdyl01
179
https://t.me/ephubo
143
https://t.me/neihan
172
https://t.me/horror_voice
152
https://t.me/lieqishipin
152
https://t.me/tuweigallery
130
https://t.me/douyinduanshipin
166
https://t.me/smdnf
136
https://t.me/qiushibaike
135
https://t.me/neihantg
158
https://t.me/duanzi1234
146
https://t.me/xiaoxiaobqp
134
https://t.me/feihuashequ03
146
https://t.me/lolgaoxiao
144
https://t.me/meituxx
166
https://t.me/duanzishou
178
https://t.me/gaoxiaohdubot
134
https://t.me/gaoxiao123
138
https://t.me/laigaoxiao
136
https://t.me/dvesbe
164
https://t.me/ypgj88888
149
https://t.me/qiyeweixin666
158
https://t.me/weixingdscf
159
https://t.me/a_hua1203
155
https://t.me/lx891
156
https://t.me/weixin5566
https://t.me/weixin877
123
123
https://t.me/yzwx20
155
https://t.me/cheng5688
https://t.me/daqiang168
153
152
https://t.me/weixin123
162
https://t.me/ky_222
129
https://t.me/weixin21
162
https://t.me/baomadajian1
140
https://t.me/qfanlei
149
https://t.me/faka58
142
https://t.me/djdj8
127
https://t.me/ddoswz
167
https://t.me/zganwang
150
https://t.me/xawzym
166
https://t.me/dare999000
161
https://t.me/fyptdj1
135
https://t.me/qing0011
146
https://t.me/app8988
179
https://t.me/baocaidajian
174
https://t.me/wwwcxy
171
https://t.me/tuge188
167
https://t.me/mingqiudajian
127
https://t.me/cpdj66
158
https://t.me/huichanjianzhan
156
https://t.me/ffwzjsq
180
https://t.me/qwe252
173
https://t.me/jiaofu00
123
https://t.me/zkwsp
178
https://t.me/aaa1024
174
https://t.me/pp123b
163
https://t.me/xyzysk
121
https://t.me/shiyishiqun
161
https://t.me/dk169169w
166
https://t.me/xyzy666
120
https://t.me/uhstarbt
151
https://t.me/suohame
168
https://t.me/dk369369c
177
https://t.me/renqi8
133
https://t.me/caoliu1
124
https://t.me/jingpinfenxiang1
127
https://t.me/yijieshiqun
168
https://t.me/dashang660
138
https://t.me/sanmeishiqun
128
https://t.me/liumeibaqun
161
https://t.me/bingp
164
https://t.me/shiyiyiqun
133
https://t.me/kuaishou9
162
https://t.me/ayaowaiwei
143
https://t.me/yhcos
126
https://t.me/muyingyi
145
https://t.me/ineffable13
https://t.me/waiweibabaclub
146
167
https://t.me/phporn
179
https://t.me/jcmeituan
178
https://t.me/yuelemebot
135
https://t.me/hz0888
163
https://t.me/yaobaiww
175
https://t.me/zlhx888
125
https://t.me/olddriverstb
150
https://t.me/azr6868
139
https://t.me/bj080
175
https://t.me/xingxi2
125
https://t.me/lunacos
157
https://t.me/muyingyii
128
https://t.me/zongcn
128
https://t.me/msdwaiwei
154
中文
(1406, "Data too long for column 'group_name' at row 1")
数据写入失败
175
https://t.me/babycake66
125
https://t.me/bhbuy
138
https://t.me/xiangyumala
133
https://t.me/waimaijiaobot
148
https://t.me/pasiywaimai
167
https://t.me/boxin02
161
https://t.me/douyin88888
141
https://t.me/facai88881234
124
https://t.me/alabangwaimai
137
https://t.me/chwmpdq
162
https://t.me/kawitwaimai
177
https://t.me/juzijia
175
https://t.me/waimai
143
https://t.me/ff55555
158
https://t.me/fw992
162
https://t.me/huanqiu88
138
https://t.me/papaxiuche2
142
https://t.me/senbaoshipin
137
https://t.me/waimai8
170
https://t.me/jrtt15
158
https://t.me/ad123s
144
https://t.me/xsb111
163
https://t.me/live1688
150
https://t.me/yueliao
141
https://t.me/es123c
127
https://t.me/yue1024
158
https://t.me/hailiao66
175
https://t.me/videofj2
168
https://t.me/ydysp
171
https://t.me/zr6666
148
https://t.me/susugirl222
160
https://t.me/yyuytwq
159
https://t.me/sebo1024
142
https://t.me/luoliao1
175
https://t.me/qiqi1688
159
https://t.me/videocbb
143
https://t.me/linlin3344
177
https://t.me/videofj3
150
https://t.me/dk769769q
166
https://t.me/saoyu888
176
https://t.me/today_bean
151
https://t.me/jierby
138
https://t.me/madou4
143
https://t.me/porn3p
163
https://t.me/madoucpacps
141
https://t.me/wbs475
138
https://t.me/mdapptv
121
https://t.me/mdcmyh
135
https://t.me/tg11688
129
https://t.me/madou91
133
https://t.me/umivd
131
https://t.me/swagliver
161
https://t.me/mmddom
147
https://t.me/yjx1234
153
https://t.me/ppp91
156
https://t.me/madoubot
162
https://t.me/gtkankan1
145
https://t.me/anchorporn
129
https://t.me/madou999
152
https://t.me/xxootv
135
https://t.me/swaglive
143
https://t.me/zkwsp
174
https://t.me/aaa1024
179
https://t.me/pp123b
159
https://t.me/xyzysk
150
https://t.me/shiyishiqun
129
https://t.me/dk169169w
174
https://t.me/xyzy666
125
https://t.me/uhstarbt
155
https://t.me/suohame
140
https://t.me/dk369369c
156
https://t.me/renqi8
180
https://t.me/caoliu1
175
https://t.me/jingpinfenxiang1
168
https://t.me/yijieshiqun
164
https://t.me/dashang660
142
https://t.me/sanmeishiqun
167
https://t.me/liumeibaqun
157
https://t.me/bingp
165
https://t.me/shiyiyiqun
157
https://t.me/kuaishou9
121
https://t.me/hackerzh
132
https://t.me/pixelexperiencechat_chn
https://t.me/jietoutuya
152
160
https://t.me/pythonzh
174
https://t.me/gentoo_zh_offtopic
176
https://t.me/tg_22222
167
https://t.me/pythonzh_offtopic
175
https://t.me/fenqun
https://t.me/yuan99
168
158
https://t.me/abc123w
164
https://t.me/sarswuhan
165
https://t.me/universediscussion
143
https://t.me/wuhanbei
153
https://t.me/hubeishare
168
https://t.me/wuhanfeiyan2020
164
https://t.me/freechina100
179
https://t.me/wuhanfeiyanjilu
129
https://t.me/wh233
139
https://t.me/taolun
172
https://t.me/wuhan_telegram
144
https://t.me/whsn1
158
https://t.me/heibang
144
https://t.me/jcmeituan
142
https://t.me/wuhan99999
156
https://t.me/whhanpapapa
130
https://t.me/hhxxjob
151
https://t.me/ff20201219
146
https://t.me/jiumen3
124
https://t.me/baidukh
161
https://t.me/dbphky
180
https://t.me/nmsl2019
174
https://t.me/sky00012
151
https://t.me/xxljc
141
https://t.me/dog181
134
https://t.me/quangwangtuiguang
178
https://t.me/alpha_node
121
https://t.me/etf_us
133
https://t.me/btc_ak
158
https://t.me/akl187
154
https://t.me/jiang88886
143
https://t.me/istock_china
179
https://t.me/hk_finance
129
https://t.me/surinblz
128
https://t.me/qudao0
159
https://t.me/zzz090199
143
https://t.me/tgyl88888
133
https://t.me/jsgg11
131
https://t.me/cnzz888666
163
https://t.me/qiuchuchu
138
https://t.me/zkwxy
158
https://t.me/ultimate_gif
161
https://t.me/kidporn
121
https://t.me/porn_wiki
134
https://t.me/gif1314
174
https://t.me/jinlong555
147
https://t.me/feiji158
174
https://t.me/rdgif
https://t.me/gifchuchufabu
126
156
https://t.me/gifgrouptg
123
https://t.me/gifhub9
172
https://t.me/giffuli
164
https://t.me/gaoxiaogif88
152
https://t.me/ttmeitujingxuan
151
https://t.me/gifzt
133
https://t.me/xjjgif
123
https://t.me/dtchepai
163
https://t.me/chongwujiaoliu
141
https://t.me/wisdompublibcchain
141
https://t.me/goutuiclub
156
https://t.me/eastlending520
133
https://t.me/baminzy
155
https://t.me/rsc_fo
167
https://t.me/xiaozhuyp
176
https://t.me/ziyuanduijie
137
https://t.me/ipados
166
https://t.me/hao1230
142
https://t.me/huifashequn2
140
https://t.me/ijianghu
126
https://t.me/cashequn
125
https://t.me/kaifengfu
126
https://t.me/zyc88888
139
https://t.me/yxbjs
137
https://t.me/sanyijiao
143
https://t.me/fengyundanbao
144
https://t.me/jianghu
148
https://t.me/bcbcommunity
173
https://t.me/douyin666
128
https://t.me/xjspahs
151
https://t.me/kaixuanmen818
126
https://t.me/nagaworld01
130
https://t.me/xinfu_88
121
https://t.me/ayuan99999
170
https://t.me/ayuan99
136
https://t.me/bojunhui
150
https://t.me/ayuan123
148
https://t.me/ayuan9999
168
https://t.me/dh_club
164
https://t.me/wnszz888
141
https://t.me/j88990
148
https://t.me/tmetme8
173
https://t.me/pornhub10010
162
https://t.me/j520678
147
https://t.me/huaao1
164
https://t.me/kuaishouzhanghao1
134
https://t.me/douyinzhanghao
151
https://t.me/soulgzz
121
https://t.me/bboysoulcn
178
https://t.me/huaao668
176
https://t.me/babai668
170
https://t.me/skyskywechat
172
https://t.me/apps711
155
https://t.me/qunsms
144
https://t.me/soulmatemsg
159
https://t.me/babai688
136
https://t.me/kxm111
146
https://t.me/haoao123
125
https://t.me/soulout_aff
174
https://t.me/tg5186
155
https://t.me/shopandk
149
https://t.me/linkdyh
128
https://t.me/dmh99999
134
https://t.me/everyone
141
https://t.me/gzlfl_kc
175
https://t.me/nffndjiekepw
125
https://t.me/weixindu
173
https://t.me/zuweixin
175
https://t.me/swzuhao
153
https://t.me/voachina
128
https://t.me/uscovidstatus
138
https://t.me/polifights
174
https://t.me/lycamobilemeiguoshoujika
132
https://t.me/daxuan
139
https://t.me/hgswk
127
https://t.me/us_id
120
https://t.me/idc890
156
https://t.me/hao12345bott
126
https://t.me/yataiikidc6
161
https://t.me/c34c3bot
160
https://t.me/oneminuteuslaw
136
https://t.me/xinfu123
145
https://t.me/davadvdvasdv
144
https://t.me/familyimmigration
141
https://t.me/voachat
129
https://t.me/idc1122
177
https://t.me/simchina
134
https://t.me/paoquan
165
https://t.me/moshangus
157
https://t.me/hao1234k
135
https://t.me/di1212b
129
https://t.me/ew123a
166
https://t.me/etc123a
140
https://t.me/hao1234j
175
https://t.me/hao123ab
123
https://t.me/hao1234jo
165
https://t.me/hao1235a
176
https://t.me/tg123cc
147
https://t.me/putian888
137
https://t.me/hao12340f
179
https://t.me/dk269269
142
https://t.me/hao1234fg
179
https://t.me/tfc123a
164
https://t.me/hao1234ab
136
https://t.me/hao12315pp
123
https://t.me/hao12315ll
https://t.me/hao1234fb
164
175
https://t.me/hao12315
161
https://t.me/taobao09
169
https://t.me/cz3092
123
https://t.me/hl100000
155
https://t.me/akg003
144
https://t.me/gt1000000
169
https://t.me/flightinfor
128
https://t.me/xiquehangkongpiaowu
143
https://t.me/yichengjipiao
130
https://t.me/immigration01
122
https://t.me/tonyisgood
137
https://t.me/emailmz
162
https://t.me/fht924
159
https://t.me/jipiao689
144
https://t.me/lowcosthotel
135
https://t.me/tiexinshenzhen
158
https://t.me/wyjs11
133
https://t.me/su689
122
https://t.me/vx15019214746
145
https://t.me/hgzzjp
138
https://t.me/jieyoujipiao
142
https://t.me/qianzheng123
177
https://t.me/bolepin01
178
https://t.me/qiongkou
164
https://t.me/dayushazhu
142
https://t.me/zhuanyeshazhu
161
https://t.me/shazhu168
174
https://t.me/quanguolaosijixiuchefuli
175
https://t.me/huichanzahuopu
123
https://t.me/hxuu889
175
https://t.me/jimmyguide
141
https://t.me/killpig
140
https://t.me/liebao8899
178
https://t.me/deep3695
157
https://t.me/zhu315
175
https://t.me/rexegaoxiao001
165
https://t.me/phditui
178
https://t.me/kunmxiuche
138
https://t.me/ly5118
135
https://t.me/phillyguide
176
https://t.me/shazhupaofen
126
https://t.me/ihaitao
180
https://t.me/ddosxt
147
https://t.me/feiyiyc
146
https://t.me/wuyue666
180
https://t.me/huijia123
161
https://t.me/nanhanghanguozhuanji
128
https://t.me/huiguo11
130
https://t.me/wyjs11
128
https://t.me/tiexinshenzhen
142
https://t.me/ayxz888
121
https://t.me/yichengjipiao
159
https://t.me/v8ddos666
153
https://t.me/jipiaobaoji
160
https://t.me/gsddos
125
https://t.me/baoji01
135
https://t.me/aaaacki
134
https://t.me/hongkediguoxy
133
https://t.me/baoji
164
https://t.me/a43356a
163
https://t.me/ddosfbj
148
https://t.me/zh_chu
154
https://t.me/toutiao123
136
https://t.me/javzoomb
173
https://t.me/dk269269g
168
https://t.me/javzoomg
130
https://t.me/ee456c
166
https://t.me/qu2288
169
https://t.me/shenmegui111
162
https://t.me/zhucekadianxiaoka
131
https://t.me/manilatongjiling1
133
https://t.me/changsha006
149
https://t.me/flbtj
167
https://t.me/yinyu1
157
https://t.me/heihr
159
https://t.me/fucksbcmn
168
https://t.me/fhlm555
140
https://t.me/seamc888
152
https://t.me/hui113
141
https://t.me/hui121
176
https://t.me/pasaymakatiphp
146
https://t.me/hui115
140
https://t.me/huanhuiphp
141
https://t.me/huanhui888
128
https://t.me/hui116
124
https://t.me/hui117
127
https://t.me/tghuanhui
140
https://t.me/ph_bianmin
127
https://t.me/hui136
164
https://t.me/df966
141
https://t.me/hui114
161
https://t.me/moneychangeph
151
https://t.me/huanhui163
126
https://t.me/hui138
128
https://t.me/makati2021
131
https://t.me/tycqx09127777777
142
https://t.me/tuge188
129
https://t.me/oooo000099
162
https://t.me/yinliuguming0001
129
https://t.me/gp886
178
https://t.me/gupiao6
126
https://t.me/gupiaoqihuo
126
https://t.me/shujujinrong
176
https://t.me/jiumen3
167
https://t.me/xiaomogugupiaoqun
125
https://t.me/seelayer
172
https://t.me/alpha_node
148
https://t.me/etf_us
151
https://t.me/btc_ak
165
https://t.me/akl187
129
https://t.me/istock_china
126
https://t.me/jiang88886
179
https://t.me/hk_finance
160
https://t.me/surinblz
153
https://t.me/zzz090199
135
https://t.me/tgyl88888
129
https://t.me/hhdd68
127
https://t.me/waimai98ejiaoliu
156
https://t.me/waimai_8
137
https://t.me/fei127
138
https://t.me/xxlsj
139
https://t.me/niuniugroup
157
https://t.me/tengxun123
177
https://t.me/zzsqms
160
https://t.me/boxin02
134
https://t.me/chihuo888
121
https://t.me/fei133
153
https://t.me/xiangyumala
125
https://t.me/douyin88888
123
https://t.me/fw992
126
https://t.me/huanqiu88
145
https://t.me/meishitg
176
https://t.me/wenan0
121
https://t.me/jrtt15
128
https://t.me/sdsd6565
120
https://t.me/yt660
155
https://t.me/shujj
159
https://t.me/bddb365
172
https://t.me/zhiyouyunkeji
131
https://t.me/qp0716
162
https://t.me/zhishubishequ
165
https://t.me/kaiyuankejigs
152
https://t.me/chaohuigroup
180
https://t.me/btc17888
165
https://t.me/nanchenshujushang
141
https://t.me/btcchinese
127
https://t.me/guminfen
128
https://t.me/zhuanye_shuju
164
https://t.me/biquanjianghu
138
https://t.me/cryptohyipnews
126
https://t.me/bqjlgroup
125
https://t.me/usdt857
125
https://t.me/biqunliao
162
https://t.me/thousandblockchain
149
https://t.me/shashaos
125
https://t.me/csharp_zh
128
https://t.me/tangsanyan
137
https://t.me/xunvpn
130
https://t.me/sakura_cloud
126
https://t.me/cntelegramd
148
https://t.me/tyzz8686
158
https://t.me/zek6666
160
https://t.me/kfc808
129
https://t.me/chaxun06
175
https://t.me/anwangsgkbot
143
https://t.me/ssrtool
151
https://t.me/daqiangbot
169
https://t.me/zn_ch
142
https://t.me/ae86x
148
https://t.me/osx86zh
162
https://t.me/luowu66
167
https://t.me/clashopenwrt233
166
https://t.me/ssrpopenwrt
128
https://t.me/passwallopenwrt233
131
https://t.me/jamesloudweedhouse
133
https://t.me/luowu66
121
https://t.me/luowu6
128
https://t.me/zh_wuyuehg
128
https://t.me/dk469469w
124
https://t.me/kskstv
151
https://t.me/douyinluow
180
https://t.me/oumeiluowu
127
https://t.me/zx13590
145
https://t.me/av1357
152
https://t.me/doyintv
130
https://t.me/hao1234_91
120
https://t.me/hot_4321
178
https://t.me/rewu1
144
https://t.me/douyin666666
130
https://t.me/live1688
141
https://t.me/gtkankan10
165
https://t.me/douyin66666
151
https://t.me/liaobshe
141
https://t.me/koreanbj123
131
https://t.me/dwtl2
136
https://t.me/japanesetaipei
150
https://t.me/yiminshixun2025
154
https://t.me/beyondhd
147
https://t.me/dlufl
125
https://t.me/guangxiwaiguoyuxueyuan
166
https://t.me/swagshow
128
https://t.me/bittrexcmn
155
https://t.me/tuge188
143
https://t.me/oooo000099
120
https://t.me/yinliuguming0001
150
https://t.me/gp886
180
https://t.me/gupiao6
133
https://t.me/gupiaoqihuo
123
https://t.me/shujujinrong
180
https://t.me/jiumen3
127
https://t.me/xiaomogugupiaoqun
170
https://t.me/seelayer
141
https://t.me/alpha_node
161
https://t.me/etf_us
132
https://t.me/btc_ak
172
https://t.me/akl187
172
https://t.me/istock_china
174
https://t.me/jiang88886
141
https://t.me/hk_finance
170
https://t.me/surinblz
160
https://t.me/zzz090199
122
https://t.me/tgyl88888
153
https://t.me/dk269269z
178
https://t.me/hstianzees
174
https://t.me/seqing11
120
https://t.me/hstianzeg
131
https://t.me/hstianzewqpd
150
https://t.me/aacaomei4
153
https://t.me/bd691
135
https://t.me/sizukon
147
https://t.me/zh_foot
151
https://t.me/ifoots
175
https://t.me/whsn1
167
https://t.me/club520
140
https://t.me/ziyuan11
166
https://t.me/sexinfochina
154
https://t.me/sizu2345
180
https://t.me/youxiuak
161
https://t.me/beautyfoot1
123
https://t.me/nigerianq
154
https://t.me/xian8812
123
https://t.me/airemu
137
https://t.me/ad82cc
129
https://t.me/sexbook1
121
https://t.me/dfgd465
164
https://t.me/xiaoshuobot
178
https://t.me/xiaoshuojiaobot
164
https://t.me/ysxs99
177
https://t.me/tingxiaoshu
155
https://t.me/hxiaowen
128
https://t.me/nouveauroman
134
https://t.me/hsetxt
165
https://t.me/books666
152
https://t.me/wlxsfx
178
https://t.me/ziyuangfabu
180
https://t.me/jpav02
156
https://t.me/tingxiaoshuo
146
https://t.me/qingxiaoshuo
165
https://t.me/youshengxiaoshuo
141
https://t.me/cfcfcf111
141
https://t.me/funapk
148
https://t.me/jinpingmei
165
https://t.me/mote163
128
https://t.me/wwzyb
158
https://t.me/se0592
133
https://t.me/coserporn017
145
https://t.me/pc66666
128
https://t.me/bbzx0045
126
https://t.me/taotaofujian
178
https://t.me/ml9988
160
https://t.me/tg_quanzhou
120
https://t.me/hefeijy
168
https://t.me/linbei2222
178
https://t.me/qzlaosiji
166
https://t.me/xiahangdy
142
https://t.me/duke61
154
https://t.me/wanghongam
124
https://t.me/wwrt5858
175
https://t.me/sevenclub777
179
https://t.me/xiament
156
https://t.me/xiamen
151
https://t.me/hymx888888
132
https://t.me/jjwwppqp
135
https://t.me/yt660
157
https://t.me/yinliu122011497
180
https://t.me/kyqp01
179
https://t.me/kyqp168
158
https://t.me/qipai
123
https://t.me/cqqpqz
122
https://t.me/shujujiaoyiba
180
https://t.me/b12306
https://t.me/qp_qpshuju
155
171
https://t.me/babagamezs
142
https://t.me/qipaiquan
126
https://t.me/nnqipai1
144
https://t.me/dongfangjituan
177
https://t.me/cbg888
127
https://t.me/ky7777
133
https://t.me/tz123123
144
https://t.me/openporn
130
https://t.me/xiaowang6688
166
https://t.me/bobfazhanbu
134
https://t.me/hc66688
143
https://t.me/a880992
150
https://t.me/fa88866
157
https://t.me/tg128
138
https://t.me/yg198
122
https://t.me/ob321
154
https://t.me/lovebigfeet
158
https://t.me/danlantv
180
https://t.me/henangay
137
https://t.me/whitesockrab
154
https://t.me/yeluolll
164
https://t.me/sgqsxz
157
https://t.me/coolgayhome
161
https://t.me/r18ssr
172
https://t.me/tzxsfx
172
https://t.me/ccbjcs2
172
https://t.me/gay199
166
https://t.me/tzspfx
160
https://t.me/dk469469x
159
https://t.me/gayll
121
https://t.me/fujian168
139
https://t.me/saojigaykaiche
174
https://t.me/gay7356
167
https://t.me/durex888
161
https://t.me/tg290
160
https://t.me/fpbkxc
148
https://t.me/psxc9994
154
https://t.me/alabangsexmedicines
154
https://t.me/teaberry520520
131
https://t.me/jiuhaogongguan
123
https://t.me/fenghuaxueyuegexiuche
144
https://t.me/bj088
178
https://t.me/als10086
161
https://t.me/manilasexmedicines01
144
https://t.me/kanpianpindao
173
https://t.me/yc888888yc
165
https://t.me/jrtt0
142
https://t.me/alabangwaimai
139
https://t.me/alsyxh
158
https://t.me/yhong420
173
https://t.me/wenyi7
138
https://t.me/alabangxiuche1
159
https://t.me/aicco
162
https://t.me/saigonffmolddriver
157
https://t.me/dongti015bb
137
https://t.me/shadiaofriend
132
https://t.me/sarswh
161
https://t.me/xianyu233
156
https://t.me/ngabbs
171
https://t.me/cgxxs
174
https://t.me/tglianmeng002
164
https://t.me/wofoshadiao
128
https://t.me/tuitui8888
133
https://t.me/everydayshadiao
132
https://t.me/qm001
164
https://t.me/ruaruaday
154
https://t.me/biaoqinbao
161
https://t.me/wtmsd
157
https://t.me/shadiaojujidi
147
https://t.me/funny_nsfw
175
https://t.me/woshadiao
127
https://t.me/shadiaotu
156
https://t.me/shadiaooo
153
https://t.me/huanxiangsd
174
https://t.me/goworkbitch
157
https://t.me/ssr3306
169
https://t.me/gayvb
130
https://t.me/i246890
162
https://t.me/xafeigz
138
https://t.me/gzzygx
120
https://t.me/guangzhoucaobi
152
https://t.me/olddrivergz
128
https://t.me/yuepa0
149
https://t.me/zlxhguangzhou
168
https://t.me/gzkche
159
https://t.me/vpnchina
126
https://t.me/gslftk
120
https://t.me/waiweiyaobai
178
https://t.me/freessrnode
180
https://t.me/cccc857777
135
https://t.me/gzwwbd
168
https://t.me/gzmmw
121
https://t.me/awesomeguangzhou
129
https://t.me/gz088
168
https://t.me/youtu66
151
https://t.me/wevoice4future
140
https://t.me/helloalicemandarin
178
https://t.me/clyl2020
130
https://t.me/replnews
179
https://t.me/humanbbq
171
https://t.me/iosyouhuadas
154
https://t.me/lookonbot
157
https://t.me/shadowrocketnews
155
https://t.me/ephubo
164
https://t.me/tuitefuli
151
https://t.me/i7di_cc
125
https://t.me/iosyouhuadashixiong
180
https://t.me/aihuanlian666
175
https://t.me/i7di_int
135
https://t.me/vipsohbetisfagrubu
156
https://t.me/fenghuozhishen88888
158
https://t.me/iosapp777
148
https://t.me/hao12343
155
https://t.me/ko24be8
158
https://t.me/phoenix_tree
172
https://t.me/i99bbscom
123
https://t.me/phoenix_tree_group
167
https://t.me/cyzone001
129
https://t.me/tangrense31
140
https://t.me/ajmgdpt
158
https://t.me/chaojiq
129
https://t.me/iosvipqm
151
https://t.me/sdgbt
122
https://t.me/ioschao12
177
https://t.me/ioszs
179
https://t.me/shao66
173
https://t.me/sngxpro
168
https://t.me/iosapp123456
162
https://t.me/ioshengapp
157
https://t.me/meiquioszhanghu
149
https://t.me/wenwenqian2
155
https://t.me/iosheng
162
https://t.me/iosapp123
153
https://t.me/iosdevotee
169
https://t.me/tang5481
152
https://t.me/qijirenbbhbot
132
https://t.me/ios_jailbreaking
151
https://t.me/iosyunzy
128
https://t.me/navsuggest
148
https://t.me/vvkche
180
https://t.me/dk469469e
168
https://t.me/ycgreen
157
https://t.me/hx38888
171
https://t.me/aliyun2020
149
https://t.me/yyk188
166
https://t.me/wh1688
127
https://t.me/lyzhifuzhifu
157
https://t.me/hongyuntong
162
https://t.me/kk776688
177
https://t.me/kn1128
151
https://t.me/sjt678910
123
https://t.me/kuaishou9
166
https://t.me/baihetupian_r18
163
https://t.me/caoguol
152
https://t.me/tvbs56
122
https://t.me/xtv0102
121
https://t.me/duolimh
154
https://t.me/readerbeta
124
https://t.me/manhuawu
165
https://t.me/zerrogetcomic001
167
https://t.me/mimei_service
138
https://t.me/kkpmhdz
129
https://t.me/manhiaihhbot
125
https://t.me/gkouj
133
https://t.me/tttt_vip
156
https://t.me/niumaba
180
https://t.me/saoyao
121
https://t.me/manwu
170
https://t.me/phmhpd
176
https://t.me/manhuagui
153
https://t.me/comich
136
https://t.me/a8yhk
125
https://t.me/boox888
121
https://t.me/hx38888
166
https://t.me/aliyun2020
139
https://t.me/yyk188
124
https://t.me/wh1688
123
https://t.me/lyzhifuzhifu
153
https://t.me/hongyuntong
130
https://t.me/kk776688
137
https://t.me/jiamidi_hhq
139
https://t.me/dongbei520
133
https://t.me/eg521
162
https://t.me/feiliaotianjiaoyou
126
https://t.me/frcmall
121
https://t.me/xx1212oo
133
https://t.me/lhie1x
149
https://t.me/chaopaijujisuo
139
https://t.me/runqingshangchao
171
https://t.me/cctv888lv
134
https://t.me/jmddsjy
141
https://t.me/jiamidi24
153
https://t.me/jmd555
173
https://t.me/jiameidid6
176
https://t.me/kawitwaimai
131
https://t.me/yabt1
152
https://t.me/jiamidi01
144
https://t.me/jiamidi241
143
https://t.me/tg184
145
https://t.me/jmd2188
133
https://t.me/haoso706
152
https://t.me/jiumeiqiqun
149
https://t.me/dk169169v
166
https://t.me/sijiewuqun
120
https://t.me/jianhuang111
125
https://t.me/dk469469m
158
https://t.me/sanmeisanqun
137
https://t.me/banvyiqun
156
https://t.me/xxxhhqqq
177
https://t.me/wyb01
137
https://t.me/naizi023
179
https://t.me/wuqnig2
141
https://t.me/wuqnig3
143
https://t.me/laonao3
121
https://t.me/kaiche4
176
https://t.me/duanxinhon
152
https://t.me/fangq4
154
https://t.me/wuqnig5
134
https://t.me/tg_henan
164
https://t.me/yuguo9898
143
https://t.me/phmitao
127
https://t.me/kaiqq8
136
https://t.me/tg_quanzhou
174
https://t.me/tg550
125
https://t.me/chaxinxi8
179
https://t.me/zhentan8888
171
https://t.me/ewefed
142
https://t.me/jimicx
177
https://t.me/laonao7
177
https://t.me/laonao5
166
https://t.me/dianhuahongzhahusini
151
https://t.me/dfjt999
134
https://t.me/yuepao6
137
https://t.me/eb1gc
159
https://t.me/dongti057bb
137
https://t.me/shuju9999
151
https://t.me/qsddos2
150
https://t.me/jx1699999999
178
https://t.me/newpin1channel
170
https://t.me/gongzuos11
131
https://t.me/zhengzhou1fendui
145
https://t.me/shoubiao888
157
https://t.me/jiuhaogongguan520
146
https://t.me/kk819
170
https://t.me/xuming
158
https://t.me/zhangheng5452
142
https://t.me/meiliao21
169
https://t.me/juyuankeji
161
https://t.me/shenma_xg
149
https://t.me/yaboxxx1
152
https://t.me/chongwujiaoliu
156
https://t.me/wisdompublibcchain
139
https://t.me/goutuiclub
172
https://t.me/baminzy
124
https://t.me/eastlending520
136
https://t.me/ipados
165
https://t.me/rsc_fo
156
https://t.me/xiaozhuyp
138
https://t.me/ziyuanduijie
126
https://t.me/hao1230
159
https://t.me/huifashequn2
159
https://t.me/ijianghu
130
https://t.me/cashequn
177
https://t.me/kaifengfu
127
https://t.me/zyc88888
120
https://t.me/yxbjs
145
https://t.me/sanyijiao
163
https://t.me/fengyundanbao
125
https://t.me/jianghu
147
https://t.me/bcbcommunity
180
https://t.me/vnbtc004
122
https://t.me/achaoyangmao
128
https://t.me/tganwang
163
https://t.me/fkbrolive
147
https://t.me/muzijiaoyibot
141
https://t.me/chinabtc001
124
https://t.me/bitfabijiaoyisit_bot
166
https://t.me/no1xmr
176
https://t.me/bitsou
178
https://t.me/btcfl
128
https://t.me/btcccom
139
https://t.me/talk_btc
173
https://t.me/bitcoin_wash_monybot
144
https://t.me/xsbofficical
127
https://t.me/bitcoinreport
165
https://t.me/btcxq
168
https://t.me/hongbaofenxiang
131
https://t.me/fatbtcchinesegroup
162
https://t.me/otcbitcoinbot
133
https://t.me/btc7864bot
122
https://t.me/wsceping
125
https://t.me/xiuche4
122
https://t.me/mntpw
168
https://t.me/beautyggg
127
https://t.me/yutu2019
137
https://t.me/gaoqingtaotu
131
https://t.me/muyingyii
136
https://t.me/xxoocv
172
https://t.me/wuhanmugou
169
https://t.me/kaisa12
120
https://t.me/ffmphilippines
153
https://t.me/mvzptp
125
https://t.me/moligirl
180
https://t.me/loliiml
120
https://t.me/afreecahw
132
https://t.me/larryluo
147
https://t.me/bgpchannel
168
https://t.me/ttmeitujingxuan
151
https://t.me/douyingirls
164
https://t.me/beautygirls9527
142
https://t.me/gongsiwangyinhu
172
https://t.me/yongyu005
146
https://t.me/ytyt898
120
https://t.me/bwm188
151
https://t.me/zhifu7788
138
https://t.me/tg12389
169
https://t.me/san4pay
139
https://t.me/k16881688
137
https://t.me/ss244432
153
https://t.me/baoxq
153
https://t.me/dddd01010
134
https://t.me/yqxlzf6643
178
https://t.me/w64348
170
https://t.me/facai8888888888888888888
163
https://t.me/tuiguangyinliude
144
https://t.me/dgfkds
155
https://t.me/ksddfd007
128
https://t.me/zhifu0
165
https://t.me/andakin88
142
https://t.me/sanfangzhifudaquan1
138
https://t.me/asd123fgh456jkl7890
175
https://t.me/qq_156199973
167
https://t.me/hhzjdjskssn
150
https://t.me/laosijijianhuangzhibo
138
https://t.me/hao345
155
https://t.me/tgdh01
167
https://t.me/edfset123v
137
https://t.me/qsspapp
152
https://t.me/ackerw
180
https://t.me/tgdh999
168
https://t.me/jingbiang
159
https://t.me/wdn678
133
https://t.me/iloveloli1
145
https://t.me/av616
121
https://t.me/cuicantongxun
152
https://t.me/jycjqm
176
https://t.me/shaouchax
121
https://t.me/hao12345555
149
https://t.me/cpccpmcpt
164
https://t.me/laowushop
140
https://t.me/xt1688
135
https://t.me/zyxq8
136
https://t.me/anwang_usdt_xq
174
https://t.me/shibipinbot
136
https://t.me/daishou_usdt_ds
172
https://t.me/zhonfgjwhbot
158
https://t.me/sx6mrbi43ykuvqylif
120
https://t.me/a_88688
131
https://t.me/yefcfxxxbot
160
https://t.me/zhiboxiabot
123
https://t.me/xiuchexibot
140
https://t.me/bitcoin_wash_monybot
135
https://t.me/chenfduxbot
176
https://t.me/avdjishejdjbot
171
https://t.me/yunding336699
136
https://t.me/sd181818
128
https://t.me/fire666999
129
https://t.me/iknow369
177
https://t.me/bk9996
148
https://t.me/dongfangliaotian
151
https://t.me/tumblrace_bot
162
https://t.me/gifsharee
137
https://t.me/gifhub9
128
https://t.me/gaoxiaogif88
150
https://t.me/phxiao11
162
https://t.me/ultimate_gif
162
https://t.me/kidporn
149
https://t.me/gif1314
167
https://t.me/jinlong555
138
https://t.me/feiji158
140
https://t.me/rdgif
126
https://t.me/gifchuchufabu
172
https://t.me/gifgrouptg
133
https://t.me/giffuli
159
https://t.me/ttmeitujingxuan
165
https://t.me/gifzt
179
https://t.me/xjjgif
171
https://t.me/dtchepai
151
https://t.me/qiuchuchu
176
https://t.me/navsuggest
140
https://t.me/vvkche
147
https://t.me/saigonffmolddriver
175
https://t.me/dk469469e
125
https://t.me/dongti015bb
162
https://t.me/ycgreen
148
https://t.me/ky_333
169
https://t.me/haoshufu
150
https://t.me/aayi6622
171
https://t.me/fs2017
178
https://t.me/aaaaaaaakkkkkg
177
https://t.me/xiaotianxx
142
https://t.me/hdfhfd4
124
https://t.me/zhaopianmashang
166
https://t.me/shenma22
138
https://t.me/ky_999
130
https://t.me/qtqwertyuiop
163
https://t.me/hengda8888
166
https://t.me/weixin5566
132
https://t.me/weixin877
168
https://t.me/ky_222
141
https://t.me/xiaotianqq
146
https://t.me/weilong3399
123
https://t.me/mingyangtianxia
168
https://t.me/xiaowang6688
172
https://t.me/vpsfuwuqi3
149
https://t.me/haobangtuiguang